<?xml version="1.0" encoding="UTF-8"?>
<testsuite xmlns:xsi="http://www.w3.org/2001/XMLSchema-instance" xsi:noNamespaceSchemaLocation="https://maven.apache.org/surefire/maven-surefire-plugin/xsd/surefire-test-report-3.0.xsd" version="3.0" name="com.agendador.audio.MP3SupportTest" time="0.058" tests="1" errors="0" skipped="0" failures="0">
  <properties>
[...]
</properties>
  <testcase name="testMP3SupportAvailable" classname="com.agendador.audio.MP3SupportTest" time="0.035">
    <system-out><![CDATA[Testando suporte a MP3...
Tipos de arquivo suportados:
- WAVE
- AU
- AIFF

Suporte a MP3 configurado com sucesso!
]]></system-out>
  </testcase>
</testsuite>