<?xml version="1.0" encoding="UTF-8"?>
<testsuite xmlns:xsi="http://www.w3.org/2001/XMLSchema-instance" xsi:noNamespaceSchemaLocation="https://maven.apache.org/surefire/maven-surefire-plugin/xsd/surefire-test-report-3.0.xsd" version="3.0" name="com.agendador.model.AgendamentoTest" time="0.084" tests="5" errors="0" skipped="0" failures="0">
  <properties>
[...]
</properties>
  <testcase name="testEqualsEHashCode" classname="com.agendador.model.AgendamentoTest" time="0.038"/>
  <testcase name="testToString" classname="com.agendador.model.AgendamentoTest" time="0.003"/>
  <testcase name="testAdicionarRemoverDiaSemana" classname="com.agendador.model.AgendamentoTest" time="0.003"/>
  <testcase name="testCriarAgendamentoVazio" classname="com.agendador.model.AgendamentoTest" time="0.001"/>
  <testcase name="testCriarAgendamentoComParametros" classname="com.agendador.model.AgendamentoTest" time="0.001"/>
</testsuite>